<?xml version="1.0" encoding="UTF-8"?>
<robot generator="Robot 7.2.2 (Python 3.12.3 on win32)" generated="2025-03-28T19:46:28.537131" rpa="false" schemaversion="5">
<suite id="s1" name="Test" source="C:\Users\Nurza\Documents\mtsd\robotTests\testCases\test.robot">
<test id="s1-t1" name="Sign Up" line="5">
<kw name="Open Browser" owner="SeleniumLibrary">
<msg time="2025-03-28T19:46:28.770165" level="INFO">Opening browser 'chrome' to base url 'https://www.demoblaze.com'.</msg>
<arg>${URL}</arg>
<arg>${BROWSER}</arg>
<doc>Opens a new browser instance to the optional ``url``.</doc>
<status status="PASS" start="2025-03-28T19:46:28.770165" elapsed="2.414961"/>
</kw>
<kw name="Click Element" owner="SeleniumLibrary">
<msg time="2025-03-28T19:46:31.186161" level="INFO">Clicking element 'id:signin2'.</msg>
<arg>${sign_up_button}</arg>
<doc>Click the element identified by ``locator``.</doc>
<status status="PASS" start="2025-03-28T19:46:31.186161" elapsed="0.081826"/>
</kw>
<kw name="Wait Until Element Is Visible" owner="SeleniumLibrary">
<arg>${sign_up_username}</arg>
<arg>5s</arg>
<doc>Waits until the element ``locator`` is visible.</doc>
<status status="PASS" start="2025-03-28T19:46:31.267987" elapsed="0.239893"/>
</kw>
<kw name="Sleep" owner="BuiltIn">
<msg time="2025-03-28T19:46:32.508484" level="INFO">Slept 1 second.</msg>
<arg>1s</arg>
<doc>Pauses the test executed for the given time.</doc>
<status status="PASS" start="2025-03-28T19:46:31.507880" elapsed="1.000604"/>
</kw>
<kw name="Input Text" owner="SeleniumLibrary">
<msg time="2025-03-28T19:46:32.508484" level="INFO">Typing text 'nurzat' into text field 'id:sign-username'.</msg>
<arg>${sign_up_username}</arg>
<arg>nurzat</arg>
<doc>Types the given ``text`` into the text field identified by ``locator``.</doc>
<status status="PASS" start="2025-03-28T19:46:32.508484" elapsed="0.083863"/>
</kw>
<kw name="Input Text" owner="SeleniumLibrary">
<msg time="2025-03-28T19:46:32.592347" level="INFO">Typing text 'nurzat12345' into text field 'id:sign-password'.</msg>
<arg>${sign_up_password}</arg>
<arg>nurzat12345</arg>
<doc>Types the given ``text`` into the text field identified by ``locator``.</doc>
<status status="PASS" start="2025-03-28T19:46:32.592347" elapsed="0.095915"/>
</kw>
<kw name="Click Button" owner="SeleniumLibrary">
<msg time="2025-03-28T19:46:32.688262" level="INFO">Clicking button 'xpath://button[text()='Sign up']'.</msg>
<arg>${sign_up_submit}</arg>
<doc>Clicks the button identified by ``locator``.</doc>
<status status="PASS" start="2025-03-28T19:46:32.688262" elapsed="0.085879"/>
</kw>
<kw name="Sleep" owner="BuiltIn">
<msg time="2025-03-28T19:46:34.774618" level="INFO">Slept 2 seconds.</msg>
<arg>2s</arg>
<doc>Pauses the test executed for the given time.</doc>
<status status="PASS" start="2025-03-28T19:46:32.774141" elapsed="2.000477"/>
</kw>
<kw name="Close Browser" owner="SeleniumLibrary">
<doc>Closes the current browser.</doc>
<status status="PASS" start="2025-03-28T19:46:34.774618" elapsed="2.146355"/>
</kw>
<status status="PASS" start="2025-03-28T19:46:28.770165" elapsed="8.150808"/>
</test>
<test id="s1-t2" name="Log In" line="16">
<kw name="Open Browser" owner="SeleniumLibrary">
<msg time="2025-03-28T19:46:36.920973" level="INFO">Opening browser 'chrome' to base url 'https://www.demoblaze.com'.</msg>
<arg>${URL}</arg>
<arg>${BROWSER}</arg>
<doc>Opens a new browser instance to the optional ``url``.</doc>
<status status="PASS" start="2025-03-28T19:46:36.920973" elapsed="2.548204"/>
</kw>
<kw name="Click Element" owner="SeleniumLibrary">
<msg time="2025-03-28T19:46:39.470175" level="INFO">Clicking element 'id:login2'.</msg>
<arg>${login_button}</arg>
<doc>Click the element identified by ``locator``.</doc>
<status status="PASS" start="2025-03-28T19:46:39.470175" elapsed="0.081747"/>
</kw>
<kw name="Wait Until Element Is Visible" owner="SeleniumLibrary">
<arg>${login_username}</arg>
<arg>5s</arg>
<doc>Waits until the element ``locator`` is visible.</doc>
<status status="PASS" start="2025-03-28T19:46:39.551922" elapsed="0.240145"/>
</kw>
<kw name="Sleep" owner="BuiltIn">
<msg time="2025-03-28T19:46:40.792633" level="INFO">Slept 1 second.</msg>
<arg>1s</arg>
<doc>Pauses the test executed for the given time.</doc>
<status status="PASS" start="2025-03-28T19:46:39.792067" elapsed="1.000566"/>
</kw>
<kw name="Input Text" owner="SeleniumLibrary">
<msg time="2025-03-28T19:46:40.792633" level="INFO">Typing text 'nurzat' into text field 'id:loginusername'.</msg>
<arg>${login_username}</arg>
<arg>nurzat</arg>
<doc>Types the given ``text`` into the text field identified by ``locator``.</doc>
<status status="PASS" start="2025-03-28T19:46:40.792633" elapsed="0.095859"/>
</kw>
<kw name="Input Text" owner="SeleniumLibrary">
<msg time="2025-03-28T19:46:40.888492" level="INFO">Typing text 'nurzat12345' into text field 'id:loginpassword'.</msg>
<arg>${login_password}</arg>
<arg>nurzat12345</arg>
<doc>Types the given ``text`` into the text field identified by ``locator``.</doc>
<status status="PASS" start="2025-03-28T19:46:40.888492" elapsed="0.076900"/>
</kw>
<kw name="Click Button" owner="SeleniumLibrary">
<msg time="2025-03-28T19:46:40.966949" level="INFO">Clicking button 'xpath://button[text()='Log in']'.</msg>
<arg>${login_submit}</arg>
<doc>Clicks the button identified by ``locator``.</doc>
<status status="PASS" start="2025-03-28T19:46:40.966392" elapsed="0.080182"/>
</kw>
<kw name="Sleep" owner="BuiltIn">
<msg time="2025-03-28T19:46:43.047347" level="INFO">Slept 2 seconds.</msg>
<arg>2s</arg>
<doc>Pauses the test executed for the given time.</doc>
<status status="PASS" start="2025-03-28T19:46:41.046574" elapsed="2.000773"/>
</kw>
<kw name="Close Browser" owner="SeleniumLibrary">
<doc>Closes the current browser.</doc>
<status status="PASS" start="2025-03-28T19:46:43.047347" elapsed="2.174046"/>
</kw>
<status status="PASS" start="2025-03-28T19:46:36.920973" elapsed="8.302174"/>
</test>
<test id="s1-t3" name="Log Out" line="27">
<kw name="Open Browser" owner="SeleniumLibrary">
<msg time="2025-03-28T19:46:45.223147" level="INFO">Opening browser 'chrome' to base url 'https://www.demoblaze.com'.</msg>
<arg>${URL}</arg>
<arg>${BROWSER}</arg>
<doc>Opens a new browser instance to the optional ``url``.</doc>
<status status="PASS" start="2025-03-28T19:46:45.223147" elapsed="2.247999"/>
</kw>
<kw name="Click Element" owner="SeleniumLibrary">
<msg time="2025-03-28T19:46:47.472144" level="INFO">Clicking element 'id:login2'.</msg>
<arg>${login_button}</arg>
<doc>Click the element identified by ``locator``.</doc>
<status status="PASS" start="2025-03-28T19:46:47.472144" elapsed="0.075769"/>
</kw>
<kw name="Wait Until Element Is Visible" owner="SeleniumLibrary">
<arg>${login_username}</arg>
<arg>5s</arg>
<doc>Waits until the element ``locator`` is visible.</doc>
<status status="PASS" start="2025-03-28T19:46:47.548914" elapsed="0.228001"/>
</kw>
<kw name="Sleep" owner="BuiltIn">
<msg time="2025-03-28T19:46:48.777290" level="INFO">Slept 1 second.</msg>
<arg>1s</arg>
<doc>Pauses the test executed for the given time.</doc>
<status status="PASS" start="2025-03-28T19:46:47.776915" elapsed="1.000375"/>
</kw>
<kw name="Input Text" owner="SeleniumLibrary">
<msg time="2025-03-28T19:46:48.777290" level="INFO">Typing text 'nurzat' into text field 'id:loginusername'.</msg>
<arg>${login_username}</arg>
<arg>nurzat</arg>
<doc>Types the given ``text`` into the text field identified by ``locator``.</doc>
<status status="PASS" start="2025-03-28T19:46:48.777290" elapsed="0.092452"/>
</kw>
<kw name="Input Text" owner="SeleniumLibrary">
<msg time="2025-03-28T19:46:48.870739" level="INFO">Typing text 'nurzat12345' into text field 'id:loginpassword'.</msg>
<arg>${login_password}</arg>
<arg>nurzat12345</arg>
<doc>Types the given ``text`` into the text field identified by ``locator``.</doc>
<status status="PASS" start="2025-03-28T19:46:48.870739" elapsed="0.088193"/>
</kw>
<kw name="Click Button" owner="SeleniumLibrary">
<msg time="2025-03-28T19:46:48.958932" level="INFO">Clicking button 'xpath://button[text()='Log in']'.</msg>
<arg>${login_submit}</arg>
<doc>Clicks the button identified by ``locator``.</doc>
<status status="PASS" start="2025-03-28T19:46:48.958932" elapsed="0.083685"/>
</kw>
<kw name="Sleep" owner="BuiltIn">
<msg time="2025-03-28T19:46:51.043367" level="INFO">Slept 2 seconds.</msg>
<arg>2s</arg>
<doc>Pauses the test executed for the given time.</doc>
<status status="PASS" start="2025-03-28T19:46:49.042617" elapsed="2.000750"/>
</kw>
<kw name="Wait Until Element Is Visible" owner="SeleniumLibrary">
<arg>${logout_button}</arg>
<arg>5s</arg>
<doc>Waits until the element ``locator`` is visible.</doc>
<status status="PASS" start="2025-03-28T19:46:51.043367" elapsed="0.022969"/>
</kw>
<kw name="Click Element" owner="SeleniumLibrary">
<msg time="2025-03-28T19:46:51.066336" level="INFO">Clicking element 'id:logout2'.</msg>
<arg>${logout_button}</arg>
<doc>Click the element identified by ``locator``.</doc>
<status status="PASS" start="2025-03-28T19:46:51.066336" elapsed="0.372411"/>
</kw>
<kw name="Sleep" owner="BuiltIn">
<msg time="2025-03-28T19:46:53.439993" level="INFO">Slept 2 seconds.</msg>
<arg>2s</arg>
<doc>Pauses the test executed for the given time.</doc>
<status status="PASS" start="2025-03-28T19:46:51.439727" elapsed="2.000266"/>
</kw>
<kw name="Close Browser" owner="SeleniumLibrary">
<doc>Closes the current browser.</doc>
<status status="PASS" start="2025-03-28T19:46:53.439993" elapsed="2.149094"/>
</kw>
<status status="PASS" start="2025-03-28T19:46:45.223147" elapsed="10.365940"/>
</test>
<status status="PASS" start="2025-03-28T19:46:28.538166" elapsed="27.050921"/>
</suite>
<statistics>
<total>
<stat pass="3" fail="0" skip="0">All Tests</stat>
</total>
<tag>
</tag>
<suite>
<stat name="Test" id="s1" pass="3" fail="0" skip="0">Test</stat>
</suite>
</statistics>
<errors>
</errors>
</robot>
